<?xml version="1.0" encoding="UTF-8"?>
<!-- Generated by org.testng.reporters.JUnitReportReporter -->
<testsuite hostname="LAPTOP-CLUMQLOR" failures="0" tests="1" name="com.ShopperStack_testScript.TC_01_Verify_user_is_able_to_add_Address_Test" time="32.261" errors="0" timestamp="2024-09-06T15:14:47 IST" skipped="0">
  <testcase classname="com.ShopperStack_testScript.TC_01_Verify_user_is_able_to_add_Address_Test" name="addAdress" time="32.261"/>
</testsuite> <!-- com.ShopperStack_testScript.TC_01_Verify_user_is_able_to_add_Address_Test -->
