<?xml version="1.0" encoding="UTF-8"?>
<!-- Generated by org.testng.reporters.JUnitReportReporter -->
<testsuite hostname="LAPTOP-CLUMQLOR" failures="0" tests="1" name="com.ShopperStack_testScript.TC_002_verify_user_is_able_to_delete_Adress_or_not_Test" time="41.968" errors="0" timestamp="2024-09-06T15:16:31 IST" skipped="0">
  <testcase classname="com.ShopperStack_testScript.TC_002_verify_user_is_able_to_delete_Adress_or_not_Test" name="deleteAddress" time="41.968"/>
</testsuite> <!-- com.ShopperStack_testScript.TC_002_verify_user_is_able_to_delete_Adress_or_not_Test -->
